<?xml version="1.0" encoding="UTF-8"?>
<!-- Generated by org.testng.reporters.JUnitReportReporter -->
<testsuite skipped="0" hostname="DESKTOP-52RK4PS" name="com.JbkOffline.DashboardTest" tests="5" failures="0" timestamp="09 Aug 2023 07:38:44 GMT" time="43.122" errors="0">
  <testcase name="loginToDashboard" time="35.927" classname="com.JbkOffline.DashboardTest"/>
  <testcase name="seleniumCourse" time="6.521" classname="com.JbkOffline.DashboardTest"/>
  <testcase name="JavaJ2EECourse" time="0.367" classname="com.JbkOffline.DashboardTest"/>
  <testcase name="PythonCourse" time="0.164" classname="com.JbkOffline.DashboardTest"/>
  <testcase name="PhpCourse" time="0.143" classname="com.JbkOffline.DashboardTest"/>
</testsuite> <!-- com.JbkOffline.DashboardTest -->
