<?xml version="1.0" encoding="UTF-8"?>
<!-- Generated by org.testng.reporters.JUnitReportReporter -->
<testsuite skipped="0" hostname="DESKTOP-52RK4PS" name="com.basicPractice.AutoIT" tests="1" failures="0" timestamp="2023-07-11T11:17:45 IST" time="84.499" errors="0">
  <testcase name="autoIT" time="84.499" classname="com.basicPractice.AutoIT"/>
  <system-out/>
</testsuite> <!-- com.basicPractice.AutoIT -->
