<?xml version="1.0" encoding="UTF-8"?>
<!-- Generated by org.testng.reporters.JUnitReportReporter -->
<testsuite skipped="0" hostname="DESKTOP-52RK4PS" name="com.JbkOffline.BaseClass" tests="1" failures="0" timestamp="2023-08-01T18:07:18 IST" time="5.303" errors="0">
  <testcase name="loginToDashboard" time="5.303" classname="com.JbkOffline.BaseClass"/>
  <system-out/>
</testsuite> <!-- com.JbkOffline.BaseClass -->
