<?xml version="1.0" encoding="UTF-8"?>
<!-- Generated by org.testng.reporters.JUnitReportReporter -->
<testsuite skipped="0" hostname="DESKTOP-52RK4PS" name="com.basicPractice.Parameterization" tests="3" failures="0" timestamp="2023-07-18T14:22:40 IST" time="0.014" errors="0">
  <testcase name="test01" time="0.012" classname="com.basicPractice.Parameterization"/>
  <system-out/>
  <testcase name="test02" time="0.001" classname="com.basicPractice.Parameterization"/>
  <system-out/>
  <testcase name="test03" time="0.001" classname="com.basicPractice.Parameterization"/>
  <system-out/>
</testsuite> <!-- com.basicPractice.Parameterization -->
