<?xml version="1.0" encoding="UTF-8"?>
<!-- Generated by org.testng.reporters.JUnitReportReporter -->
<testsuite skipped="0" hostname="DESKTOP-52RK4PS" name="com.JavaScriptExecuter.JS_Executer" tests="1" failures="0" timestamp="2023-07-18T16:53:05 IST" time="35.931" errors="0">
  <testcase name="test01" time="35.931" classname="com.JavaScriptExecuter.JS_Executer"/>
  <system-out/>
</testsuite> <!-- com.JavaScriptExecuter.JS_Executer -->
