<?xml version="1.0" encoding="UTF-8"?>
<!-- Generated by org.testng.reporters.JUnitReportReporter -->
<testsuite skipped="0" hostname="DESKTOP-52RK4PS" name="com.ExcelReadAndWrite.ExcelReadWrite" tests="1" failures="0" timestamp="19 Jul 2023 09:29:10 GMT" time="98.267" errors="0">
  <testcase name="test01" time="98.267" classname="com.ExcelReadAndWrite.ExcelReadWrite"/>
</testsuite> <!-- com.ExcelReadAndWrite.ExcelReadWrite -->
